<?xml version="1.0" encoding="UTF-8" ?>
<testsuite tests="91" failures="0" name="org.jsoup.nodes.ElementTest" time="0.001" errors="0" skipped="0">
  <properties>
    <property name="java.runtime.name" value="Java(TM) SE Runtime Environment"/>
    <property name="sun.boot.library.path" value="C:\Program Files\Java\jdk1.8.0_92\jre\bin"/>
    <property name="java.vm.version" value="25.92-b14"/>
    <property name="user.country.format" value="IL"/>
    <property name="java.vm.vendor" value="Oracle Corporation"/>
    <property name="maven.multiModuleProjectDirectory" value="C:\Work\GIT\ReadAmazonReviewsUsingJSoup"/>
    <property name="java.vendor.url" value="http://java.oracle.com/"/>
    <property name="path.separator" value=";"/>
    <property name="guice.disable.misplaced.annotation.check" value="true"/>
    <property name="java.vm.name" value="Java HotSpot(TM) 64-Bit Server VM"/>
    <property name="file.encoding.pkg" value="sun.io"/>
    <property name="user.script" value=""/>
    <property name="user.country" value="US"/>
    <property name="sun.java.launcher" value="SUN_STANDARD"/>
    <property name="sun.os.patch.level" value="Service Pack 1"/>
    <property name="java.vm.specification.name" value="Java Virtual Machine Specification"/>
    <property name="user.dir" value="C:\Work\GIT\ReadAmazonReviewsUsingJSoup"/>
    <property name="java.runtime.version" value="1.8.0_92-b14"/>
    <property name="java.awt.graphicsenv" value="sun.awt.Win32GraphicsEnvironment"/>
    <property name="java.endorsed.dirs" value="C:\Program Files\Java\jdk1.8.0_92\jre\lib\endorsed"/>
    <property name="os.arch" value="amd64"/>
    <property name="java.io.tmpdir" value="C:\Users\arikt\AppData\Local\Temp\"/>
    <property name="line.separator" value="
"/>
    <property name="java.vm.specification.vendor" value="Oracle Corporation"/>
    <property name="user.variant" value=""/>
    <property name="os.name" value="Windows 7"/>
    <property name="classworlds.conf" value="C:\Program Files\apache-maven-3.3.9\bin\..\bin\m2.conf"/>
    <property name="sun.jnu.encoding" value="Cp1252"/>
    <property name="java.library.path" value="C:\Program Files\Java\jdk1.8.0_92\bin;C:\WINDOWS\Sun\Java\bin;C:\WINDOWS\system32;C:\WINDOWS;C:\Program Files (x86)\Common Files\Intel\Shared Libraries\redist\intel64\compiler;C:\Program Files\apache-maven-3.3.9\bin;C:\Program Files\Java\jdk1.8.0_92\bin;C:\ProgramData\Oracle\Java\javapath;C:\app\product\11.2.0\client_1\bin;C:\WINDOWS\system32;C:\WINDOWS;C:\WINDOWS\System32\Wbem;C:\WINDOWS\System32\WindowsPowerShell\v1.0\;C:\Program Files (x86)\Java\jre6\bin;C:\Program Files (x86)\Microsoft SQL Server\100\Tools\Binn\;C:\Program Files\Microsoft SQL Server\100\Tools\Binn\;C:\Program Files\Microsoft SQL Server\100\DTS\Binn\;C:\Program Files (x86)\Microsoft SQL Server\100\Tools\Binn\VSShell\Common7\IDE\;C:\Program Files (x86)\Microsoft Visual Studio 9.0\Common7\IDE\PrivateAssemblies\;C:\Program Files (x86)\Microsoft SQL Server\100\DTS\Binn\;C:\Program Files (x86)\WebEx\Productivity Tools;C:\Program Files\TortoiseSVN\bin;C:\Program Files (x86)\sbt\bin;C:\HashiCorp\Vagrant\bin;C:\Program Files\Git\cmd;C:\Program Files\Intel\WiFi\bin\;C:\Program Files\Common Files\Intel\WirelessCommon\;C:\Users\arikt\AppData\Local\atom\bin;."/>
    <property name="java.specification.name" value="Java Platform API Specification"/>
    <property name="java.class.version" value="52.0"/>
    <property name="sun.management.compiler" value="HotSpot 64-Bit Tiered Compilers"/>
    <property name="os.version" value="6.1"/>
    <property name="user.home" value="C:\Users\arikt"/>
    <property name="user.timezone" value="Asia/Jerusalem"/>
    <property name="java.awt.printerjob" value="sun.awt.windows.WPrinterJob"/>
    <property name="java.specification.version" value="1.8"/>
    <property name="file.encoding" value="Cp1252"/>
    <property name="user.name" value="arikt"/>
    <property name="java.class.path" value="C:\Program Files\apache-maven-3.3.9\bin\..\boot\plexus-classworlds-2.5.2.jar"/>
    <property name="java.vm.specification.version" value="1.8"/>
    <property name="sun.arch.data.model" value="64"/>
    <property name="java.home" value="C:\Program Files\Java\jdk1.8.0_92\jre"/>
    <property name="sun.java.command" value="org.codehaus.plexus.classworlds.launcher.Launcher clean install"/>
    <property name="java.specification.vendor" value="Oracle Corporation"/>
    <property name="user.language" value="en"/>
    <property name="user.language.format" value="he"/>
    <property name="awt.toolkit" value="sun.awt.windows.WToolkit"/>
    <property name="java.vm.info" value="mixed mode"/>
    <property name="java.version" value="1.8.0_92"/>
    <property name="java.ext.dirs" value="C:\Program Files\Java\jdk1.8.0_92\jre\lib\ext;C:\WINDOWS\Sun\Java\lib\ext"/>
    <property name="sun.boot.class.path" value="C:\Program Files\Java\jdk1.8.0_92\jre\lib\resources.jar;C:\Program Files\Java\jdk1.8.0_92\jre\lib\rt.jar;C:\Program Files\Java\jdk1.8.0_92\jre\lib\sunrsasign.jar;C:\Program Files\Java\jdk1.8.0_92\jre\lib\jsse.jar;C:\Program Files\Java\jdk1.8.0_92\jre\lib\jce.jar;C:\Program Files\Java\jdk1.8.0_92\jre\lib\charsets.jar;C:\Program Files\Java\jdk1.8.0_92\jre\lib\jfr.jar;C:\Program Files\Java\jdk1.8.0_92\jre\classes"/>
    <property name="sun.stderr.encoding" value="cp437"/>
    <property name="java.vendor" value="Oracle Corporation"/>
    <property name="maven.home" value="C:\Program Files\apache-maven-3.3.9\bin\.."/>
    <property name="file.separator" value="\"/>
    <property name="java.vendor.url.bug" value="http://bugreport.sun.com/bugreport/"/>
    <property name="sun.cpu.endian" value="little"/>
    <property name="sun.io.unicode.encoding" value="UnicodeLittle"/>
    <property name="sun.stdout.encoding" value="cp437"/>
    <property name="sun.desktop" value="windows"/>
    <property name="sun.cpu.isalist" value="amd64"/>
  </properties>
  <testcase classname="org.jsoup.nodes.ElementTest" name="testFormatOutline" time="0"/>
  <testcase classname="org.jsoup.nodes.ElementTest" name="parentlessToString" time="0"/>
  <testcase classname="org.jsoup.nodes.ElementTest" name="insertChildrenArgumentValidation" time="0"/>
  <testcase classname="org.jsoup.nodes.ElementTest" name="testPrependElement" time="0"/>
  <testcase classname="org.jsoup.nodes.ElementTest" name="testOuterHtml" time="0"/>
  <testcase classname="org.jsoup.nodes.ElementTest" name="testHashcodeIsStableWithContentChanges" time="0"/>
  <testcase classname="org.jsoup.nodes.ElementTest" name="elementByTagName" time="0"/>
  <testcase classname="org.jsoup.nodes.ElementTest" name="testClonesClassnames" time="0"/>
  <testcase classname="org.jsoup.nodes.ElementTest" name="appendMustCorrectlyMoveChildrenInsideOneParentElement" time="0"/>
  <testcase classname="org.jsoup.nodes.ElementTest" name="before" time="0"/>
  <testcase classname="org.jsoup.nodes.ElementTest" name="testRemoveBeforeIndex" time="0"/>
  <testcase classname="org.jsoup.nodes.ElementTest" name="testChainedRemoveAttributes" time="0"/>
  <testcase classname="org.jsoup.nodes.ElementTest" name="booleanAttributeOutput" time="0"/>
  <testcase classname="org.jsoup.nodes.ElementTest" name="testAddNewHtml" time="0"/>
  <testcase classname="org.jsoup.nodes.ElementTest" name="testAddNewText" time="0"/>
  <testcase classname="org.jsoup.nodes.ElementTest" name="testGetElementById" time="0"/>
  <testcase classname="org.jsoup.nodes.ElementTest" name="testClone" time="0"/>
  <testcase classname="org.jsoup.nodes.ElementTest" name="testHtmlContainsOuter" time="0"/>
  <testcase classname="org.jsoup.nodes.ElementTest" name="testClassDomMethods" time="0"/>
  <testcase classname="org.jsoup.nodes.ElementTest" name="testWrap" time="0"/>
  <testcase classname="org.jsoup.nodes.ElementTest" name="testNamespacedElements" time="0"/>
  <testcase classname="org.jsoup.nodes.ElementTest" name="testClassNames" time="0"/>
  <testcase classname="org.jsoup.nodes.ElementTest" name="testElementSiblingIndex" time="0"/>
  <testcase classname="org.jsoup.nodes.ElementTest" name="testIs" time="0"/>
  <testcase classname="org.jsoup.nodes.ElementTest" name="testEmptyElementFormatHtml" time="0"/>
  <testcase classname="org.jsoup.nodes.ElementTest" name="testLoopedRemoveAttributes" time="0"/>
  <testcase classname="org.jsoup.nodes.ElementTest" name="testShadowElementsAreUpdated" time="0"/>
  <testcase classname="org.jsoup.nodes.ElementTest" name="testKeepsPreTextAtDepth" time="0"/>
  <testcase classname="org.jsoup.nodes.ElementTest" name="testGetElementsWithAttribute" time="0"/>
  <testcase classname="org.jsoup.nodes.ElementTest" name="testNoIndentOnScriptAndStyle" time="0"/>
  <testcase classname="org.jsoup.nodes.ElementTest" name="testAppendRowToTable" time="0"/>
  <testcase classname="org.jsoup.nodes.ElementTest" name="testGetElementsWithClass" time="0"/>
  <testcase classname="org.jsoup.nodes.ElementTest" name="testShallowClone" time="0"/>
  <testcase classname="org.jsoup.nodes.ElementTest" name="testWrapWithRemainder" time="0"/>
  <testcase classname="org.jsoup.nodes.ElementTest" name="testKeepsPreTextInCode" time="0"/>
  <testcase classname="org.jsoup.nodes.ElementTest" name="testHasClassDomMethods" time="0"/>
  <testcase classname="org.jsoup.nodes.ElementTest" name="testGetParents" time="0"/>
  <testcase classname="org.jsoup.nodes.ElementTest" name="testGetText" time="0"/>
  <testcase classname="org.jsoup.nodes.ElementTest" name="getElementsByTagName" time="0"/>
  <testcase classname="org.jsoup.nodes.ElementTest" name="testFormatHtml" time="0"/>
  <testcase classname="org.jsoup.nodes.ElementTest" name="testGetElementsWithAttributeValue" time="0"/>
  <testcase classname="org.jsoup.nodes.ElementTest" name="testWholeText" time="0"/>
  <testcase classname="org.jsoup.nodes.ElementTest" name="testGetElementsWithAttributeDash" time="0"/>
  <testcase classname="org.jsoup.nodes.ElementTest" name="testManipulateTextNodes" time="0"/>
  <testcase classname="org.jsoup.nodes.ElementTest" name="testChildThrowsIndexOutOfBoundsOnMissing" time="0"/>
  <testcase classname="org.jsoup.nodes.ElementTest" name="testPrependRowToTable" time="0"/>
  <testcase classname="org.jsoup.nodes.ElementTest" name="testGetTextNodes" time="0"/>
  <testcase classname="org.jsoup.nodes.ElementTest" name="after" time="0"/>
  <testcase classname="org.jsoup.nodes.ElementTest" name="testContainerOutput" time="0"/>
  <testcase classname="org.jsoup.nodes.ElementTest" name="testInnerHtml" time="0"/>
  <testcase classname="org.jsoup.nodes.ElementTest" name="testHasText" time="0"/>
  <testcase classname="org.jsoup.nodes.ElementTest" name="testGetDataNodes" time="0"/>
  <testcase classname="org.jsoup.nodes.ElementTest" name="testCssPath" time="0"/>
  <testcase classname="org.jsoup.nodes.ElementTest" name="testSetHtmlTitle" time="0"/>
  <testcase classname="org.jsoup.nodes.ElementTest" name="testChildrenElements" time="0.001"/>
  <testcase classname="org.jsoup.nodes.ElementTest" name="moveByAppend" time="0"/>
  <testcase classname="org.jsoup.nodes.ElementTest" name="testNormalisesText" time="0"/>
  <testcase classname="org.jsoup.nodes.ElementTest" name="testClassUpdates" time="0"/>
  <testcase classname="org.jsoup.nodes.ElementTest" name="testAddNewElement" time="0"/>
  <testcase classname="org.jsoup.nodes.ElementTest" name="testHashAndEqualsAndValue" time="0"/>
  <testcase classname="org.jsoup.nodes.ElementTest" name="testElementSiblingIndexSameContent" time="0"/>
  <testcase classname="org.jsoup.nodes.ElementTest" name="testGetChildText" time="0"/>
  <testcase classname="org.jsoup.nodes.ElementTest" name="testRelativeUrls" time="0"/>
  <testcase classname="org.jsoup.nodes.ElementTest" name="testSetIndent" time="0"/>
  <testcase classname="org.jsoup.nodes.ElementTest" name="testThrowsOnAddNullText" time="0"/>
  <testcase classname="org.jsoup.nodes.ElementTest" name="testGetSiblingsWithDuplicateContent" time="0"/>
  <testcase classname="org.jsoup.nodes.ElementTest" name="testNormalizesInvisiblesInText" time="0"/>
  <testcase classname="org.jsoup.nodes.ElementTest" name="insertChildrenAsCopy" time="0"/>
  <testcase classname="org.jsoup.nodes.ElementTest" name="testTagNameSet" time="0"/>
  <testcase classname="org.jsoup.nodes.ElementTest" name="dataset" time="0"/>
  <testcase classname="org.jsoup.nodes.ElementTest" name="testPrependText" time="0"/>
  <testcase classname="org.jsoup.nodes.ElementTest" name="testNormalizesNbspInText" time="0"/>
  <testcase classname="org.jsoup.nodes.ElementTest" name="testRemoveAfterIndex" time="0"/>
  <testcase classname="org.jsoup.nodes.ElementTest" name="testThrowsOnPrependNullText" time="0"/>
  <testcase classname="org.jsoup.nodes.ElementTest" name="testGetSiblings" time="0"/>
  <testcase classname="org.jsoup.nodes.ElementTest" name="testSetHtml" time="0"/>
  <testcase classname="org.jsoup.nodes.ElementTest" name="testSetText" time="0"/>
  <testcase classname="org.jsoup.nodes.ElementTest" name="testAddBooleanAttribute" time="0"/>
  <testcase classname="org.jsoup.nodes.ElementTest" name="textHasSpaceAfterBlockTags" time="0"/>
  <testcase classname="org.jsoup.nodes.ElementTest" name="whiteSpaceClassElement" time="0"/>
  <testcase classname="org.jsoup.nodes.ElementTest" name="classNamesAndAttributeNameIsCaseInsensitive" time="0"/>
  <testcase classname="org.jsoup.nodes.ElementTest" name="testPrependNewHtml" time="0"/>
  <testcase classname="org.jsoup.nodes.ElementTest" name="testRemovingEmptyClassAttributeWhenLastClassRemoved" time="0"/>
  <testcase classname="org.jsoup.nodes.ElementTest" name="testBrHasSpace" time="0"/>
  <testcase classname="org.jsoup.nodes.ElementTest" name="testKeepsPreText" time="0"/>
  <testcase classname="org.jsoup.nodes.ElementTest" name="testNotPretty" time="0"/>
  <testcase classname="org.jsoup.nodes.ElementTest" name="testNextElementSiblingAfterClone" time="0"/>
  <testcase classname="org.jsoup.nodes.ElementTest" name="testAppendTo" time="0"/>
  <testcase classname="org.jsoup.nodes.ElementTest" name="getNamespacedElementsByTag" time="0"/>
  <testcase classname="org.jsoup.nodes.ElementTest" name="insertChildrenAtPosition" time="0"/>
  <testcase classname="org.jsoup.nodes.ElementTest" name="elementIsNotASiblingOfItself" time="0"/>
</testsuite>